0 info it worked if it ends with ok
1 verbose cli [ '/usr/local/Cellar/node/11.9.0/bin/node',
1 verbose cli   '/usr/local/bin/npm',
1 verbose cli   'run',
1 verbose cli   'test',
1 verbose cli   '--no-cache' ]
2 info using npm@6.5.0
3 info using node@v11.9.0
4 verbose run-script [ 'pretest', 'test', 'posttest' ]
5 info lifecycle git-orgs@1.0.0~pretest: git-orgs@1.0.0
6 info lifecycle git-orgs@1.0.0~test: git-orgs@1.0.0
7 verbose lifecycle git-orgs@1.0.0~test: unsafe-perm in lifecycle true
8 verbose lifecycle git-orgs@1.0.0~test: PATH: /usr/local/lib/node_modules/npm/node_modules/npm-lifecycle/node-gyp-bin:/Users/ranair/git-orgs/node_modules/.bin:/Users/ranair/.rvm/gems/ruby-2.6.0/bin:/Users/ranair/.rvm/gems/ruby-2.6.0@global/bin:/Users/ranair/.rvm/rubies/ruby-2.6.0/bin:/usr/local/bin:/usr/bin:/bin:/usr/sbin:/sbin:/Users/ranair/.rvm/bin
9 verbose lifecycle git-orgs@1.0.0~test: CWD: /Users/ranair/git-orgs
10 silly lifecycle git-orgs@1.0.0~test: Args: [ '-c', 'jest --coverage' ]
11 silly lifecycle git-orgs@1.0.0~test: Returned: code: 1  signal: null
12 info lifecycle git-orgs@1.0.0~test: Failed to exec test script
13 verbose stack Error: git-orgs@1.0.0 test: `jest --coverage`
13 verbose stack Exit status 1
13 verbose stack     at EventEmitter.<anonymous> (/usr/local/lib/node_modules/npm/node_modules/npm-lifecycle/index.js:301:16)
13 verbose stack     at EventEmitter.emit (events.js:197:13)
13 verbose stack     at ChildProcess.<anonymous> (/usr/local/lib/node_modules/npm/node_modules/npm-lifecycle/lib/spawn.js:55:14)
13 verbose stack     at ChildProcess.emit (events.js:197:13)
13 verbose stack     at maybeClose (internal/child_process.js:978:16)
13 verbose stack     at Process.ChildProcess._handle.onexit (internal/child_process.js:265:5)
14 verbose pkgid git-orgs@1.0.0
15 verbose cwd /Users/ranair/git-orgs
16 verbose Darwin 18.2.0
17 verbose argv "/usr/local/Cellar/node/11.9.0/bin/node" "/usr/local/bin/npm" "run" "test" "--no-cache"
18 verbose node v11.9.0
19 verbose npm  v6.5.0
20 error code ELIFECYCLE
21 error errno 1
22 error git-orgs@1.0.0 test: `jest --coverage`
22 error Exit status 1
23 error Failed at the git-orgs@1.0.0 test script.
23 error This is probably not a problem with npm. There is likely additional logging output above.
24 verbose exit [ 1, true ]
